app/build/intermediates/manifest_merge_blame_file/debug/manifest-merger-blame-debug-report.txt
1<?xml version="1.0" encoding="utf-8"?>
2<manifest xmlns:android="http://schemas.android.com/apk/res/android"
3    package="com.sree.wikipedia"
4    android:versionCode="1"
5    android:versionName="1.0" >
6
7    <uses-sdk
8        android:minSdkVersion="22"
8-->src\main\AndroidManifest.xml
9        android:targetSdkVersion="29" />
9-->src\main\AndroidManifest.xml
10
11    <uses-permission android:name="android.permission.INTERNET" />
11-->src\main\AndroidManifest.xml:4:1-62
11-->src\main\AndroidManifest.xml:4:18-60
12
13    <application
13-->src\main\AndroidManifest.xml:6:5-30:19
14        android:name="com.sree.wikipedia.MyApplication"
14-->src\main\AndroidManifest.xml:10:13-42
15        android:allowBackup="true"
15-->src\main\AndroidManifest.xml:7:13-39
16        android:appComponentFactory="androidx.core.app.CoreComponentFactory"
16-->[androidx.core:core:1.0.2] AndroidManifest.xml:22:18-86
17        android:debuggable="true"
18        android:icon="@drawable/appicon"
18-->src\main\AndroidManifest.xml:8:13-45
19        android:label="@string/app_name"
19-->src\main\AndroidManifest.xml:9:13-45
20        android:roundIcon="@mipmap/ic_launcher_round"
20-->src\main\AndroidManifest.xml:12:13-58
21        android:supportsRtl="true"
21-->src\main\AndroidManifest.xml:13:13-39
22        android:testOnly="true"
23        android:theme="@style/AppTheme.NoActionBar" >
23-->src\main\AndroidManifest.xml:14:13-56
24        <activity android:name="com.sree.wikipedia.SearchActivity" >
24-->src\main\AndroidManifest.xml:15:9-16:20
24-->src\main\AndroidManifest.xml:15:19-49
25        </activity>
26        <activity
26-->src\main\AndroidManifest.xml:17:9-27:20
27            android:name="com.sree.wikipedia.MainActivity"
27-->src\main\AndroidManifest.xml:18:17-45
28            android:label="@string/title_activity_main"
28-->src\main\AndroidManifest.xml:20:17-60
29            android:screenOrientation="portrait"
29-->src\main\AndroidManifest.xml:19:13-49
30            android:theme="@style/AppTheme.NoActionBar" >
30-->src\main\AndroidManifest.xml:21:17-60
31            <intent-filter>
31-->src\main\AndroidManifest.xml:22:13-26:29
32                <action android:name="android.intent.action.MAIN" />
32-->src\main\AndroidManifest.xml:23:17-68
32-->src\main\AndroidManifest.xml:23:25-66
33
34                <category android:name="android.intent.category.LAUNCHER" />
34-->src\main\AndroidManifest.xml:25:17-76
34-->src\main\AndroidManifest.xml:25:27-74
35            </intent-filter>
36        </activity>
37        <activity
37-->src\main\AndroidManifest.xml:28:9-29:51
38            android:name="com.sree.wikipedia.ArticleDetailActivity"
38-->src\main\AndroidManifest.xml:28:19-56
39            android:screenOrientation="portrait" />
39-->src\main\AndroidManifest.xml:29:13-49
40    </application>
41
42</manifest>